10:02:35.143 [ApplicationImpl pooled thread 59] INFO  c.b.l.BrowserStackRunExtension - maven
10:02:35.143 [ApplicationImpl pooled thread 59] INFO  com.browserstack.utils.Helpers - null
13:27:31.467 [ApplicationImpl pooled thread 36] INFO  c.b.l.BrowserStackRunExtension - cucumber java
13:27:31.469 [ApplicationImpl pooled thread 36] INFO  com.browserstack.utils.Helpers - null
13:27:31.471 [ApplicationImpl pooled thread 36] INFO  c.b.l.BrowserStackRunExtension - Agent path: null
13:28:05.396 [ApplicationImpl pooled thread 26] INFO  c.b.l.BrowserStackRunExtension - testng
13:28:05.396 [ApplicationImpl pooled thread 26] INFO  com.browserstack.utils.Helpers - null
13:28:05.397 [ApplicationImpl pooled thread 26] INFO  c.b.l.BrowserStackRunExtension - Agent path: null
13:29:13.403 [ApplicationImpl pooled thread 26] INFO  c.b.l.BrowserStackRunExtension - testng
13:29:13.403 [ApplicationImpl pooled thread 26] INFO  com.browserstack.utils.Helpers - null
13:29:13.404 [ApplicationImpl pooled thread 26] INFO  c.b.l.BrowserStackRunExtension - Agent path: null
13:32:38.249 [ApplicationImpl pooled thread 32] INFO  c.b.l.BrowserStackRunExtension - testng
13:32:38.249 [ApplicationImpl pooled thread 32] INFO  com.browserstack.utils.Helpers - null
13:32:38.249 [ApplicationImpl pooled thread 32] INFO  c.b.l.BrowserStackRunExtension - Agent path: null
13:32:48.716 [ApplicationImpl pooled thread 32] INFO  c.b.l.BrowserStackRunExtension - testng
13:32:48.716 [ApplicationImpl pooled thread 32] INFO  com.browserstack.utils.Helpers - null
13:32:48.716 [ApplicationImpl pooled thread 32] INFO  c.b.l.BrowserStackRunExtension - Agent path: null
13:33:47.829 [ApplicationImpl pooled thread 43] INFO  c.b.l.BrowserStackRunExtension - testng
13:33:47.829 [ApplicationImpl pooled thread 43] INFO  com.browserstack.utils.Helpers - null
13:33:47.829 [ApplicationImpl pooled thread 43] INFO  c.b.l.BrowserStackRunExtension - Agent path: null
13:37:47.043 [ApplicationImpl pooled thread 46] INFO  c.b.l.BrowserStackRunExtension - testng
13:37:47.043 [ApplicationImpl pooled thread 46] INFO  com.browserstack.utils.Helpers - null
13:37:47.045 [ApplicationImpl pooled thread 46] INFO  c.b.l.BrowserStackRunExtension - Agent path: null
13:43:49.846 [ApplicationImpl pooled thread 53] INFO  c.b.l.BrowserStackRunExtension - testng
13:43:49.847 [ApplicationImpl pooled thread 53] INFO  com.browserstack.utils.Helpers - null
13:43:49.847 [ApplicationImpl pooled thread 53] INFO  c.b.l.BrowserStackRunExtension - Agent path: null
13:46:09.547 [ApplicationImpl pooled thread 55] INFO  c.b.l.BrowserStackRunExtension - testng
13:46:09.547 [ApplicationImpl pooled thread 55] INFO  com.browserstack.utils.Helpers - null
13:46:09.548 [ApplicationImpl pooled thread 55] INFO  c.b.l.BrowserStackRunExtension - Agent path: null
